<?xml version="1.0" encoding="UTF-8"?>
<testng-results skipped="1" failed="0" total="1" passed="0">
  <reporter-output>
  </reporter-output>
  <suite name="scripts.Test1" duration-ms="13" started-at="2020-06-21T07:56:24Z" finished-at="2020-06-21T07:56:24Z">
    <groups>
    </groups>
    <test name="Command line test" duration-ms="13" started-at="2020-06-21T07:56:24Z" finished-at="2020-06-21T07:56:24Z">
      <class name="scripts.Test1">
        <test-method status="PASS" signature="setUp()[pri:0, instance:scripts.Test1@48e4374]" name="setUp" is-config="true" duration-ms="580" started-at="2020-06-21T13:26:24Z" finished-at="2020-06-21T13:26:24Z">
          <reporter-output>
          </reporter-output>
        </test-method> <!-- setUp -->
        <test-method status="FAIL" signature="setBrowser(java.lang.String)[pri:0, instance:scripts.Test1@48e4374]" name="setBrowser" is-config="true" duration-ms="0" started-at="2020-06-21T13:26:24Z" finished-at="2020-06-21T13:26:24Z">
          <exception class="org.testng.TestNGException">
            <message>
              <![CDATA[
Method setBrowser requires 1 parameters but 0 were supplied in the @Configuration annotation.]]>
            </message>
            <full-stacktrace>
              <![CDATA[org.testng.TestNGException: 
Method setBrowser requires 1 parameters but 0 were supplied in the @Configuration annotation.
	at org.testng.internal.Parameters.checkParameterTypes(Parameters.java:191)
	at org.testng.internal.Parameters.createParameters(Parameters.java:127)
	at org.testng.internal.Parameters.createParameters(Parameters.java:376)
	at org.testng.internal.Parameters.createConfigurationParameters(Parameters.java:84)
	at org.testng.internal.Invoker.invokeConfigurations(Invoker.java:201)
	at org.testng.internal.Invoker.invokeConfigurations(Invoker.java:142)
	at org.testng.internal.TestMethodWorker.invokeBeforeClassMethods(TestMethodWorker.java:178)
	at org.testng.internal.TestMethodWorker.run(TestMethodWorker.java:108)
	at org.testng.TestRunner.privateRun(TestRunner.java:782)
	at org.testng.TestRunner.run(TestRunner.java:632)
	at org.testng.SuiteRunner.runTest(SuiteRunner.java:366)
	at org.testng.SuiteRunner.runSequentially(SuiteRunner.java:361)
	at org.testng.SuiteRunner.privateRun(SuiteRunner.java:319)
	at org.testng.SuiteRunner.run(SuiteRunner.java:268)
	at org.testng.SuiteRunnerWorker.runSuite(SuiteRunnerWorker.java:52)
	at org.testng.SuiteRunnerWorker.run(SuiteRunnerWorker.java:86)
	at org.testng.TestNG.runSuitesSequentially(TestNG.java:1244)
	at org.testng.TestNG.runSuitesLocally(TestNG.java:1169)
	at org.testng.TestNG.run(TestNG.java:1064)
	at org.apache.maven.surefire.testng.TestNGExecutor.run(TestNGExecutor.java:77)
	at org.apache.maven.surefire.testng.TestNGDirectoryTestSuite.execute(TestNGDirectoryTestSuite.java:110)
	at org.apache.maven.surefire.testng.TestNGProvider.invoke(TestNGProvider.java:106)
	at sun.reflect.NativeMethodAccessorImpl.invoke0(Native Method)
	at sun.reflect.NativeMethodAccessorImpl.invoke(NativeMethodAccessorImpl.java:62)
	at sun.reflect.DelegatingMethodAccessorImpl.invoke(DelegatingMethodAccessorImpl.java:43)
	at java.lang.reflect.Method.invoke(Method.java:498)
	at org.apache.maven.surefire.util.ReflectionUtils.invokeMethodWithArray(ReflectionUtils.java:189)
	at org.apache.maven.surefire.booter.ProviderFactory$ProviderProxy.invoke(ProviderFactory.java:165)
	at org.apache.maven.surefire.booter.ProviderFactory.invokeProvider(ProviderFactory.java:85)
	at org.apache.maven.surefire.booter.ForkedBooter.runSuitesInProcess(ForkedBooter.java:115)
	at org.apache.maven.surefire.booter.ForkedBooter.main(ForkedBooter.java:75)
]]>
            </full-stacktrace>
          </exception> <!-- org.testng.TestNGException -->
          <reporter-output>
          </reporter-output>
        </test-method> <!-- setBrowser -->
        <test-method status="SKIP" signature="test()[pri:0, instance:scripts.Test1@48e4374]" name="test" duration-ms="1" started-at="2020-06-21T13:26:24Z" finished-at="2020-06-21T13:26:24Z">
          <reporter-output>
          </reporter-output>
        </test-method> <!-- test -->
        <test-method status="SKIP" signature="closeBrowser()[pri:0, instance:scripts.Test1@48e4374]" name="closeBrowser" is-config="true" duration-ms="0" started-at="2020-06-21T13:26:24Z" finished-at="2020-06-21T13:26:24Z">
          <reporter-output>
          </reporter-output>
        </test-method> <!-- closeBrowser -->
        <test-method status="SKIP" signature="result(org.testng.ITestResult)[pri:0, instance:scripts.Test1@48e4374]" name="result" is-config="true" duration-ms="0" started-at="2020-06-21T13:26:24Z" finished-at="2020-06-21T13:26:24Z">
          <reporter-output>
          </reporter-output>
        </test-method> <!-- result -->
        <test-method status="SKIP" signature="rtef()[pri:0, instance:scripts.Test1@48e4374]" name="rtef" is-config="true" duration-ms="0" started-at="2020-06-21T13:26:25Z" finished-at="2020-06-21T13:26:25Z">
          <reporter-output>
          </reporter-output>
        </test-method> <!-- rtef -->
      </class> <!-- scripts.Test1 -->
    </test> <!-- Command line test -->
  </suite> <!-- scripts.Test1 -->
</testng-results>
